modules/bitbox-hid/android/build/intermediates/manifest_merge_blame_file/release/processReleaseManifest/manifest-merger-blame-release-report.txt
1<?xml version="1.0" encoding="utf-8"?>
2<manifest xmlns:android="http://schemas.android.com/apk/res/android"
3    package="swiss.dfx.wallet.bitbox" >
4
5    <uses-sdk android:minSdkVersion="34" />
6
7    <uses-feature
7-->src/main/AndroidManifest.xml:2:3-85
8        android:name="android.hardware.usb.host"
8-->src/main/AndroidManifest.xml:2:17-57
9        android:required="false" />
9-->src/main/AndroidManifest.xml:2:58-82
10
11</manifest>